#
# A fatal error has been detected by the Java Runtime Environment:
#
#  EXCEPTION_ACCESS_VIOLATION (0xc0000005) at pc=0x00007ffb3b2cc75d, pid=17272, tid=55396
#
# JRE version: OpenJDK Runtime Environment Microsoft-13106358 (17.0.18+8) (build 17.0.18+8-LTS)
# Java VM: OpenJDK 64-Bit Server VM Microsoft-13106358 (17.0.18+8-LTS, mixed mode, sharing, tiered, compressed oops, compressed class ptrs, g1 gc, windows-amd64)
# Problematic frame:
# C  [lwjgl_opengl.dll+0xc75d]
#
# No core dump will be written. Minidumps are not enabled by default on client versions of Windows
#
# If you would like to submit a bug report, please visit:
#   https://github.com/microsoft/openjdk/issues
# The crash happened outside the Java Virtual Machine in native code.
# See problematic frame for where to report the bug.
#

---------------  S U M M A R Y ------------

Command Line: -Dfile.encoding=UTF-8 -Duser.country=KR -Duser.language=ko -Duser.variant FightingGameLWJGL

Host: 12th Gen Intel(R) Core(TM) i5-1240P, 16 cores, 15G,  Windows 11 , 64 bit Build 22621 (10.0.22621.5415)
Time: Fri Apr 17 10:24:46 2026  Windows 11 , 64 bit Build 22621 (10.0.22621.5415) elapsed time: 0.311812 seconds (0d 0h 0m 0s)

---------------  T H R E A D  ---------------

Current thread (0x000001b66b51e8b0):  JavaThread "main" [_thread_in_native, id=55396, stack(0x000000a910c00000,0x000000a910d00000)]

Stack: [0x000000a910c00000,0x000000a910d00000],  sp=0x000000a910cff378,  free space=1020k
Native frames: (J=compiled Java code, j=interpreted, Vv=VM code, C=native code)
C  [lwjgl_opengl.dll+0xc75d]  (no source info available)

Java frames: (J=compiled Java code, j=interpreted, Vv=VM code)
j  org.lwjgl.opengl.GL11C.nglGenTextures(IJ)V+0
j  org.lwjgl.opengl.GL11C.glGenTextures()I+20
j  org.lwjgl.opengl.GL11.glGenTextures()I+0
j  GameUIRenderer.loadTexture(Ljava/lang/String;)I+113
j  GameUIRenderer.init()V+5
j  GameUIRenderer.<init>(LFightingGameLWJGL;)V+10
j  FightingGameLWJGL.<init>()V+126
j  FightingGameLWJGL.main([Ljava/lang/String;)V+4
v  ~StubRoutines::call_stub

siginfo: EXCEPTION_ACCESS_VIOLATION (0xc0000005), reading address 0x00000000000002d8


Registers:
RAX=0x000001b65664c250, RBX=0x000001b6524e4048, RCX=0x0000000000000001, RDX=0x000001b6565a910c
RSP=0x000000a910cff378, RBP=0x000000a910cff400, RSI=0x000001b6521aa830, RDI=0x000001b607459520
R8 =0x0000000000000001, R9 =0x000001b6565a910c, R10=0x0000000000000000, R11=0x0000000714c20520
R12=0x0000000000000000, R13=0x000001b6524e4048, R14=0x000000a910cff430, R15=0x000001b66b51e8b0
RIP=0x00007ffb3b2cc75d, EFLAGS=0x0000000000010206

XMM[0]=0x000001b66b51ca00 0x000001b6524e4048
XMM[1]=0x0001b60745aff8b8 0x48f04e8b4d068b45
XMM[2]=0xc3000001b60745af 0xf8b848f04e8b4d06
XMM[3]=0xffffffffffffffff 0x000000000000000e
XMM[4]=0x2525252525252525 0x2525252525252525
XMM[5]=0x676e5f4331314c47 0x5f6c676e65706f5f
XMM[6]=0x3ed86749bb4b4a85 0x3ed86749bb4b4a85
XMM[7]=0x40651bab4f3414cb 0x3f4b87c9c63e305c
XMM[8]=0x0000000000000000 0x0000000000000000
XMM[9]=0x0000000000000000 0x0000000000000000
XMM[10]=0x0000000000000000 0x0000000000000000
XMM[11]=0x0000000000000000 0x0000000000000000
XMM[12]=0x0000000000000000 0x0000000000000000
XMM[13]=0x0000000000000000 0x0000000000000000
XMM[14]=0x0000000000000000 0x0000000000000000
XMM[15]=0x0000000000000000 0x0000000000000000
  MXCSR=0x00001fa0


Register to memory mapping:

RIP=0x00007ffb3b2cc75d lwjgl_opengl.dll
RAX=0x000001b65664c250 points into unknown readable memory: 0x0000000000000000 | 00 00 00 00 00 00 00 00
RBX={method} {0x000001b6524e4050} 'nglGenTextures' '(IJ)V' in 'org/lwjgl/opengl/GL11C'
RCX=0x0000000000000001 is an unknown value
RDX=0x000001b6565a910c points into unknown readable memory: 00 00 00 00
RSP=0x000000a910cff378 is pointing into the stack for thread: 0x000001b66b51e8b0
RBP=0x000000a910cff400 is pointing into the stack for thread: 0x000001b66b51e8b0
RSI=0x000001b6521aa830 is pointing into metadata
RDI=0x000001b607459520 is at code_begin+1152 in an Interpreter codelet
return entry points  [0x000001b6074590a0, 0x000001b607459c00]  2912 bytes
R8 =0x0000000000000001 is an unknown value
R9 =0x000001b6565a910c points into unknown readable memory: 00 00 00 00
R10=0x0 is NULL
R11=0x0000000714c20520 is an oop: java.lang.Class 
{0x0000000714c20520} - klass: 'java/lang/Class'
 - ---- fields (total size 116 words):
 - private volatile transient 'classRedefinedCount' 'I' @12  0
 - private volatile transient 'cachedConstructor' 'Ljava/lang/reflect/Constructor;' @40  NULL (0)
 - private transient 'name' 'Ljava/lang/String;' @44  "org.lwjgl.opengl.GL11C"{0x0000000714c208d0} (e298411a)
 - private transient 'module' 'Ljava/lang/Module;' @48  a 'java/lang/Module'{0x00000007156f2910} (e2ade522)
 - private final 'classLoader' 'Ljava/lang/ClassLoader;' @52  a 'jdk/internal/loader/ClassLoaders$AppClassLoader'{0x00000007156f2750} (e2ade4ea)
 - private transient 'classData' 'Ljava/lang/Object;' @56  NULL (0)
 - private transient 'packageName' 'Ljava/lang/String;' @60  "org.lwjgl.opengl"{0x0000000714f62da8} (e29ec5b5)
 - private final 'componentType' 'Ljava/lang/Class;' @64  NULL (0)
 - private volatile transient 'reflectionData' 'Ljava/lang/ref/SoftReference;' @68  NULL (0)
 - private volatile transient 'genericInfo' 'Lsun/reflect/generics/repository/ClassRepository;' @72  NULL (0)
 - private volatile transient 'enumConstants' '[Ljava/lang/Object;' @76  NULL (0)
 - private volatile transient 'enumConstantDirectory' 'Ljava/util/Map;' @80  NULL (0)
 - private volatile transient 'annotationData' 'Ljava/lang/Class$AnnotationData;' @84  NULL (0)
 - private volatile transient 'annotationType' 'Lsun/reflect/annotation/AnnotationType;' @88  NULL (0)
 - transient 'classValueMap' 'Ljava/lang/ClassValue$ClassValueMap;' @92  NULL (0)
 - signature: Lorg/lwjgl/opengl/GL11C;
 - fake entry for mirror: 'org/lwjgl/opengl/GL11C'
 - fake entry for array: NULL
 - fake entry for oop_size: 116
 - fake entry for static_oop_field_count: 0
 - public static final 'GL_NEVER' 'I' @112  512 (200)
 - public static final 'GL_LESS' 'I' @116  513 (201)
 - public static final 'GL_EQUAL' 'I' @120  514 (202)
 - public static final 'GL_LEQUAL' 'I' @124  515 (203)
 - public static final 'GL_GREATER' 'I' @128  516 (204)
 - public static final 'GL_NOTEQUAL' 'I' @132  517 (205)
 - public static final 'GL_GEQUAL' 'I' @136  518 (206)
 - public static final 'GL_ALWAYS' 'I' @140  519 (207)
 - public static final 'GL_DEPTH_BUFFER_BIT' 'I' @144  256 (100)
 - public static final 'GL_STENCIL_BUFFER_BIT' 'I' @148  1024 (400)
 - public static final 'GL_COLOR_BUFFER_BIT' 'I' @152  16384 (4000)
 - public static final 'GL_POINTS' 'I' @156  0
 - public static final 'GL_LINES' 'I' @160  1
 - public static final 'GL_LINE_LOOP' 'I' @164  2
 - public static final 'GL_LINE_STRIP' 'I' @168  3
 - public static final 'GL_TRIANGLES' 'I' @172  4
 - public static final 'GL_TRIANGLE_STRIP' 'I' @176  5
 - public static final 'GL_TRIANGLE_FAN' 'I' @180  6
 - public static final 'GL_QUADS' 'I' @184  7
 - public static final 'GL_ZERO' 'I' @188  0
 - public static final 'GL_ONE' 'I' @192  1
 - public static final 'GL_SRC_COLOR' 'I' @196  768 (300)
 - public static final 'GL_ONE_MINUS_SRC_COLOR' 'I' @200  769 (301)
 - public static final 'GL_SRC_ALPHA' 'I' @204  770 (302)
 - public static final 'GL_ONE_MINUS_SRC_ALPHA' 'I' @208  771 (303)
 - public static final 'GL_DST_ALPHA' 'I' @212  772 (304)
 - public static final 'GL_ONE_MINUS_DST_ALPHA' 'I' @216  773 (305)
 - public static final 'GL_DST_COLOR' 'I' @220  774 (306)
 - public static final 'GL_ONE_MINUS_DST_COLOR' 'I' @224  775 (307)
 - public static final 'GL_SRC_ALPHA_SATURATE' 'I' @228  776 (308)
 - public static final 'GL_TRUE' 'I' @232  1
 - public static final 'GL_FALSE' 'I' @236  0
 - public static final 'GL_BYTE' 'I' @240  5120 (1400)
 - public static final 'GL_UNSIGNED_BYTE' 'I' @244  5121 (1401)
 - public static final 'GL_SHORT' 'I' @248  5122 (1402)
 - public static final 'GL_UNSIGNED_SHORT' 'I' @252  5123 (1403)
 - public static final 'GL_INT' 'I' @256  5124 (1404)
 - public static final 'GL_UNSIGNED_INT' 'I' @260  5125 (1405)
 - public static final 'GL_FLOAT' 'I' @264  5126 (1406)
 - public static final 'GL_DOUBLE' 'I' @268  5130 (140a)
 - public static final 'GL_NONE' 'I' @272  0
 - public static final 'GL_FRONT_LEFT' 'I' @276  1024 (400)
 - public static final 'GL_FRONT_RIGHT' 'I' @280  1025 (401)
 - public static final 'GL_BACK_LEFT' 'I' @284  1026 (402)
 - public static final 'GL_BACK_RIGHT' 'I' @288  1027 (403)
 - public static final 'GL_FRONT' 'I' @292  1028 (404)
 - public static final 'GL_BACK' 'I' @296  1029 (405)
 - public static final 'GL_LEFT' 'I' @300  1030 (406)
 - public static final 'GL_RIGHT' 'I' @304  1031 (407)
 - public static final 'GL_FRONT_AND_BACK' 'I' @308  1032 (408)
 - public static final 'GL_NO_ERROR' 'I' @312  0
 - public static final 'GL_INVALID_ENUM' 'I' @316  1280 (500)
 - public static final 'GL_INVALID_VALUE' 'I' @320  1281 (501)
 - public static final 'GL_INVALID_OPERATION' 'I' @324  1282 (502)
 - public static final 'GL_STACK_OVERFLOW' 'I' @328  1283 (503)
 - public static final 'GL_STACK_UNDERFLOW' 'I' @332  1284 (504)
 - public static final 'GL_OUT_OF_MEMORY' 'I' @336  1285 (505)
 - public static final 'GL_CW' 'I' @340  2304 (900)
 - public static final 'GL_CCW' 'I' @344  2305 (901)
 - public static final 'GL_POINT_SIZE' 'I' @348  2833 (b11)
 - public static final 'GL_POINT_SIZE_RANGE' 'I' @352  2834 (b12)
 - public static final 'GL_POINT_SIZE_GRANULARITY' 'I' @356  2835 (b13)
 - public static final 'GL_LINE_SMOOTH' 'I' @360  2848 (b20)
 - public static final 'GL_LINE_WIDTH' 'I' @364  2849 (b21)
 - public static final 'GL_LINE_WIDTH_RANGE' 'I' @368  2850 (b22)
 - public static final 'GL_LINE_WIDTH_GRANULARITY' 'I' @372  2851 (b23)
 - public static final 'GL_POLYGON_MODE' 'I' @376  2880 (b40)
 - public static final 'GL_POLYGON_SMOOTH' 'I' @380  2881 (b41)
 - public static final 'GL_CULL_FACE' 'I' @384  2884 (b44)
 - public static final 'GL_CULL_FACE_MODE' 'I' @388  2885 (b45)
 - public static final 'GL_FRONT_FACE' 'I' @392  2886 (b46)
 - public static final 'GL_DEPTH_RANGE' 'I' @396  2928 (b70)
 - public static final 'GL_DEPTH_TEST' 'I' @400  2929 (b71)
 - public static final 'GL_DEPTH_WRITEMASK' 'I' @404  2930 (b72)
 - public static final 'GL_DEPTH_CLEAR_VALUE' 'I' @408  2931 (b73)
 - public static final 'GL_DEPTH_FUNC' 'I' @412  2932 (b74)
 - public static final 'GL_STENCIL_TEST' 'I' @416  2960 (b90)
 - public static final 'GL_STENCIL_CLEAR_VALUE' 'I' @420  2961 (b91)
 - public static final 'GL_STENCIL_FUNC' 'I' @424  2962 (b92)
 - public static final 'GL_STENCIL_VALUE_MASK' 'I' @428  2963 (b93)
 - public static final 'GL_STENCIL_FAIL' 'I' @432  2964 (b94)
 - public static final 'GL_STENCIL_PASS_DEPTH_FAIL' 'I' @436  2965 (b95)
 - public static final 'GL_STENCIL_PASS_DEPTH_PASS' 'I' @440  2966 (b96)
 - public static final 'GL_STENCIL_REF' 'I' @444  2967 (b97)
 - public static final 'GL_STENCIL_WRITEMASK' 'I' @448  2968 (b98)
 - public static final 'GL_VIEWPORT' 'I' @452  2978 (ba2)
 - public static final 'GL_DITHER' 'I' @456  3024 (bd0)
 - public static final 'GL_BLEND_DST' 'I' @460  3040 (be0)
 - public static final 'GL_BLEND_SRC' 'I' @464  3041 (be1)
 - public static final 'GL_BLEND' 'I' @468  3042 (be2)
 - public static final 'GL_LOGIC_OP_MODE' 'I' @472  3056 (bf0)
 - public static final 'GL_COLOR_LOGIC_OP' 'I' @476  3058 (bf2)
 - public static final 'GL_DRAW_BUFFER' 'I' @480  3073 (c01)
 - public static final 'GL_READ_BUFFER' 'I' @484  3074 (c02)
 - public static final 'GL_SCISSOR_BOX' 'I' @488  3088 (c10)
 - public static final 'GL_SCISSOR_TEST' 'I' @492  3089 (c11)
 - public static final 'GL_COLOR_CLEAR_VALUE' 'I' @496  3106 (c22)
 - public static final 'GL_COLOR_WRITEMASK' 'I' @500  3107 (c23)
 - public static final 'GL_DOUBLEBUFFER' 'I' @504  3122 (c32)
 - public static final 'GL_STEREO' 'I' @508  3123 (c33)
 - public static final 'GL_LINE_SMOOTH_HINT' 'I' @512  3154 (c52)
 - public static final 'GL_POLYGON_SMOOTH_HINT' 'I' @516  3155 (c53)
 - public static final 'GL_UNPACK_SWAP_BYTES' 'I' @520  3312 (cf0)
 - public static final 'GL_UNPACK_LSB_FIRST' 'I' @524  3313 (cf1)
 - public static final 'GL_UNPACK_ROW_LENGTH' 'I' @528  3314 (cf2)
 - public static final 'GL_UNPACK_SKIP_ROWS' 'I' @532  3315 (cf3)
 - public static final 'GL_UNPACK_SKIP_PIXELS' 'I' @536  3316 (cf4)
 - public static final 'GL_UNPACK_ALIGNMENT' 'I' @540  3317 (cf5)
 - public static final 'GL_PACK_SWAP_BYTES' 'I' @544  3328 (d00)
 - public static final 'GL_PACK_LSB_FIRST' 'I' @548  3329 (d01)
 - public static final 'GL_PACK_ROW_LENGTH' 'I' @552  3330 (d02)
 - public static final 'GL_PACK_SKIP_ROWS' 'I' @556  3331 (d03)
 - public static final 'GL_PACK_SKIP_PIXELS' 'I' @560  3332 (d04)
 - public static final 'GL_PACK_ALIGNMENT' 'I' @564  3333 (d05)
 - public static final 'GL_MAX_TEXTURE_SIZE' 'I' @568  3379 (d33)
 - public static final 'GL_MAX_VIEWPORT_DIMS' 'I' @572  3386 (d3a)
 - public static final 'GL_SUBPIXEL_BITS' 'I' @576  3408 (d50)
 - public static final 'GL_TEXTURE_1D' 'I' @580  3552 (de0)
 - public static final 'GL_TEXTURE_2D' 'I' @584  3553 (de1)
 - public static final 'GL_TEXTURE_WIDTH' 'I' @588  4096 (1000)
 - public static final 'GL_TEXTURE_HEIGHT' 'I' @592  4097 (1001)
 - public static final 'GL_TEXTURE_INTERNAL_FORMAT' 'I' @596  4099 (1003)
 - public static final 'GL_TEXTURE_BORDER_COLOR' 'I' @600  4100 (1004)
 - public static final 'GL_DONT_CARE' 'I' @604  4352 (1100)
 - public static final 'GL_FASTEST' 'I' @608  4353 (1101)
 - public static final 'GL_NICEST' 'I' @612  4354 (1102)
 - public static final 'GL_CLEAR' 'I' @616  5376 (1500)
 - public static final 'GL_AND' 'I' @620  5377 (1501)
 - public static final 'GL_AND_REVERSE' 'I' @624  5378 (1502)
 - public static final 'GL_COPY' 'I' @628  5379 (1503)
 - public static final 'GL_AND_INVERTED' 'I' @632  5380 (1504)
 - public static final 'GL_NOOP' 'I' @636  5381 (1505)
 - public static final 'GL_XOR' 'I' @640  5382 (1506)
 - public static final 'GL_OR' 'I' @644  5383 (1507)
 - public static final 'GL_NOR' 'I' @648  5384 (1508)
 - public static final 'GL_EQUIV' 'I' @652  5385 (1509)
 - public static final 'GL_INVERT' 'I' @656  5386 (150a)
 - public static final 'GL_OR_REVERSE' 'I' @660  5387 (150b)
 - public static final 'GL_COPY_INVERTED' 'I' @664  5388 (150c)
 - public static final 'GL_OR_INVERTED' 'I' @668  5389 (150d)
 - public static final 'GL_NAND' 'I' @672  5390 (150e)
 - public static final 'GL_SET' 'I' @676  5391 (150f)
 - public static final 'GL_TEXTURE' 'I' @680  5890 (1702)
 - public static final 'GL_COLOR' 'I' @684  6144 (1800)
 - public static final 'GL_DEPTH' 'I' @688  6145 (1801)
 - public static final 'GL_STENCIL' 'I' @692  6146 (1802)
 - public static final 'GL_STENCIL_INDEX' 'I' @696  6401 (1901)
 - public static final 'GL_DEPTH_COMPONENT' 'I' @700  6402 (1902)
 - public static final 'GL_RED' 'I' @704  6403 (1903)
 - public static final 'GL_GREEN' 'I' @708  6404 (1904)
 - public static final 'GL_BLUE' 'I' @712  6405 (1905)
 - public static final 'GL_ALPHA' 'I' @716  6406 (1906)
 - public static final 'GL_RGB' 'I' @720  6407 (1907)
 - public static final 'GL_RGBA' 'I' @724  6408 (1908)
 - public static final 'GL_POINT' 'I' @728  6912 (1b00)
 - public static final 'GL_LINE' 'I' @732  6913 (1b01)
 - public static final 'GL_FILL' 'I' @736  6914 (1b02)
 - public static final 'GL_KEEP' 'I' @740  7680 (1e00)
 - public static final 'GL_REPLACE' 'I' @744  7681 (1e01)
 - public static final 'GL_INCR' 'I' @748  7682 (1e02)
 - public static final 'GL_DECR' 'I' @752  7683 (1e03)
 - public static final 'GL_VENDOR' 'I' @756  7936 (1f00)
 - public static final 'GL_RENDERER' 'I' @760  7937 (1f01)
 - public static final 'GL_VERSION' 'I' @764  7938 (1f02)
 - public static final 'GL_EXTENSIONS' 'I' @768  7939 (1f03)
 - public static final 'GL_NEAREST' 'I' @772  9728 (2600)
 - public static final 'GL_LINEAR' 'I' @776  9729 (2601)
 - public static final 'GL_NEAREST_MIPMAP_NEAREST' 'I' @780  9984 (2700)
 - public static final 'GL_LINEAR_MIPMAP_NEAREST' 'I' @784  9985 (2701)
 - public static final 'GL_NEAREST_MIPMAP_LINEAR' 'I' @788  9986 (2702)
 - public static final 'GL_LINEAR_MIPMAP_LINEAR' 'I' @792  9987 (2703)
 - public static final 'GL_TEXTURE_MAG_FILTER' 'I' @796  10240 (2800)
 - public static final 'GL_TEXTURE_MIN_FILTER' 'I' @800  10241 (2801)
 - public static final 'GL_TEXTURE_WRAP_S' 'I' @804  10242 (2802)
 - public static final 'GL_TEXTURE_WRAP_T' 'I' @808  10243 (2803)
 - public static final 'GL_REPEAT' 'I' @812  10497 (2901)
 - public static final 'GL_POLYGON_OFFSET_FACTOR' 'I' @816  32824 (8038)
 - public static final 'GL_POLYGON_OFFSET_UNITS' 'I' @820  10752 (2a00)
 - public static final 'GL_POLYGON_OFFSET_POINT' 'I' @824  10753 (2a01)
 - public static final 'GL_POLYGON_OFFSET_LINE' 'I' @828  10754 (2a02)
 - public static final 'GL_POLYGON_OFFSET_FILL' 'I' @832  32823 (8037)
 - public static final 'GL_R3_G3_B2' 'I' @836  10768 (2a10)
 - public static final 'GL_RGB4' 'I' @840  32847 (804f)
 - public static final 'GL_RGB5' 'I' @844  32848 (8050)
 - public static final 'GL_RGB8' 'I' @848  32849 (8051)
 - public static final 'GL_RGB10' 'I' @852  32850 (8052)
 - public static final 'GL_RGB12' 'I' @856  32851 (8053)
 - public static final 'GL_RGB16' 'I' @860  32852 (8054)
 - public static final 'GL_RGBA2' 'I' @864  32853 (8055)
 - public static final 'GL_RGBA4' 'I' @868  32854 (8056)
 - public static final 'GL_RGB5_A1' 'I' @872  32855 (8057)
 - public static final 'GL_RGBA8' 'I' @876  32856 (8058)
 - public static final 'GL_RGB10_A2' 'I' @880  32857 (8059)
 - public static final 'GL_RGBA12' 'I' @884  32858 (805a)
 - public static final 'GL_RGBA16' 'I' @888  32859 (805b)
 - public static final 'GL_TEXTURE_RED_SIZE' 'I' @892  32860 (805c)
 - public static final 'GL_TEXTURE_GREEN_SIZE' 'I' @896  32861 (805d)
 - public static final 'GL_TEXTURE_BLUE_SIZE' 'I' @900  32862 (805e)
 - public static final 'GL_TEXTURE_ALPHA_SIZE' 'I' @904  32863 (805f)
 - public static final 'GL_PROXY_TEXTURE_1D' 'I' @908  32867 (8063)
 - public static final 'GL_PROXY_TEXTURE_2D' 'I' @912  32868 (8064)
 - public static final 'GL_TEXTURE_BINDING_1D' 'I' @916  32872 (8068)
 - public static final 'GL_TEXTURE_BINDING_2D' 'I' @920  32873 (8069)
 - public static final 'GL_VERTEX_ARRAY' 'I' @924  32884 (8074)
R12=0x0 is NULL
R13={method} {0x000001b6524e4050} 'nglGenTextures' '(IJ)V' in 'org/lwjgl/opengl/GL11C'
R14=0x000000a910cff430 is pointing into the stack for thread: 0x000001b66b51e8b0
R15=0x000001b66b51e8b0 is a thread


Top of Stack: (sp=0x000000a910cff378)
0x000000a910cff378:   000001b60745d6e1 000001b607459520
0x000000a910cff388:   000001b60745d412 000001b6524e4048
0x000000a910cff398:   000001b6521aa830 000000a910cff418
0x000000a910cff3a8:   000001b6074595ef 000001b60745d3b6
0x000000a910cff3b8:   000000a910cff3b8 000001b6524e4048
0x000000a910cff3c8:   000000a910cff430 000001b6524ed390
0x000000a910cff3d8:   0000000000000000 0000000714c20520
0x000000a910cff3e8:   000001b6524e4048 0000000000000000
0x000000a910cff3f8:   000000a910cff420 000000a910cff480
0x000000a910cff408:   000001b607459520 0000000714c20520
0x000000a910cff418:   000001b60745aff8 000001b6565a910c
0x000000a910cff428:   0000000000000000 0000000000000001
0x000000a910cff438:   000000a910cff438 000001b6524e41bc
0x000000a910cff448:   000000a910cff4b0 000001b6524ed390
0x000000a910cff458:   0000000000000000 0000000714c20520
0x000000a910cff468:   000001b6524e4228 000000a910cff420
0x000000a910cff478:   000000a910cff4b8 000000a910cff500
0x000000a910cff488:   000001b607459634 0000000000000000
0x000000a910cff498:   0000000000000000 0000000714c2a360
0x000000a910cff4a8:   0000000000010000 0000000714f1b1e8
0x000000a910cff4b8:   000000a910cff4b8 000001b652494750
0x000000a910cff4c8:   000000a910cff508 000001b6524cb098
0x000000a910cff4d8:   0000000000000000 0000000714fa2ef8
0x000000a910cff4e8:   000001b652494768 000000a910cff4b8
0x000000a910cff4f8:   000000a910cff510 000000a910cff558
0x000000a910cff508:   000001b607459634 000000a910cff510
0x000000a910cff518:   000001b652427179 000000a910cff5a8
0x000000a910cff528:   000001b652422000 0000000000000000
0x000000a910cff538:   000000071535c3b0 000001b652427288
0x000000a910cff548:   000000a910cff510 000000a910cff5a0
0x000000a910cff558:   000000a910cff600 000001b607459634
0x000000a910cff568:   0000000714f1b2d0 0000000714f1b298 

Instructions: (pc=0x00007ffb3b2cc75d)
0x00007ffb3b2cc65d:   cc cc cc 48 8b 01 41 0f b6 c8 48 8b 50 18 48 ff
0x00007ffb3b2cc66d:   a2 d0 01 00 00 cc cc cc cc cc cc cc cc cc cc cc
0x00007ffb3b2cc67d:   cc cc cc 48 8b 01 0f 28 cb 0f 28 c2 48 8b 48 18
0x00007ffb3b2cc68d:   48 ff a1 d8 01 00 00 cc cc cc cc cc cc cc cc cc
0x00007ffb3b2cc69d:   cc cc cc 48 8b 01 45 8b d8 44 8b 44 24 28 41 8b
0x00007ffb3b2cc6ad:   d1 41 8b cb 4c 8b 50 18 49 ff a2 e8 01 00 00 cc
0x00007ffb3b2cc6bd:   cc cc cc 48 8b 01 41 8b c8 48 8b 50 18 48 ff a2
0x00007ffb3b2cc6cd:   f0 01 00 00 cc cc cc cc cc cc cc cc cc cc cc cc
0x00007ffb3b2cc6dd:   cc cc cc 40 53 48 8b 01 41 8b d8 44 8b 44 24 30
0x00007ffb3b2cc6ed:   41 8b d1 4c 8b 4c 24 38 8b cb 4c 8b 50 18 5b 49
0x00007ffb3b2cc6fd:   ff a2 f8 01 00 00 cc cc cc cc cc cc cc cc cc cc
0x00007ffb3b2cc70d:   cc cc cc 48 8b 01 48 8b 48 18 48 ff a1 98 02 00
0x00007ffb3b2cc71d:   00 cc cc 48 8b 01 48 8b 48 18 48 ff a1 a0 02 00
0x00007ffb3b2cc72d:   00 cc cc 48 8b 01 41 8b c8 48 8b 50 18 48 ff a2
0x00007ffb3b2cc73d:   c8 02 00 00 cc cc cc cc cc cc cc cc cc cc cc cc
0x00007ffb3b2cc74d:   cc cc cc 48 8b 01 49 8b d1 41 8b c8 4c 8b 50 18
0x00007ffb3b2cc75d:   49 ff a2 d8 02 00 00 cc cc cc cc cc cc cc cc cc
0x00007ffb3b2cc76d:   cc cc cc 48 8b 01 49 8b d1 41 8b c8 4c 8b 50 18
0x00007ffb3b2cc77d:   49 ff a2 e0 02 00 00 cc cc cc cc cc cc cc cc cc
0x00007ffb3b2cc78d:   cc cc cc 48 8b 01 49 8b d1 41 8b c8 4c 8b 50 18
0x00007ffb3b2cc79d:   49 ff a2 f0 02 00 00 cc cc cc cc cc cc cc cc cc
0x00007ffb3b2cc7ad:   cc cc cc 48 8b 01 49 8b d1 41 8b c8 4c 8b 50 18
0x00007ffb3b2cc7bd:   49 ff a2 f8 02 00 00 cc cc cc cc cc cc cc cc cc
0x00007ffb3b2cc7cd:   cc cc cc 48 8b 01 49 8b d1 41 8b c8 4c 8b 50 18
0x00007ffb3b2cc7dd:   49 ff a2 00 03 00 00 cc cc cc cc cc cc cc cc cc
0x00007ffb3b2cc7ed:   cc cc cc 48 8b 01 49 8b d1 41 8b c8 4c 8b 50 18
0x00007ffb3b2cc7fd:   49 ff a2 08 03 00 00 cc cc cc cc cc cc cc cc cc
0x00007ffb3b2cc80d:   cc cc cc 48 8b 01 48 8b 48 18 48 8b 81 10 03 00
0x00007ffb3b2cc81d:   00 48 ff e0 cc cc cc cc cc cc cc cc cc cc cc cc
0x00007ffb3b2cc82d:   cc cc cc 48 8b 01 49 8b d1 41 8b c8 4c 8b 50 18
0x00007ffb3b2cc83d:   49 ff a2 68 03 00 00 cc cc cc cc cc cc cc cc cc
0x00007ffb3b2cc84d:   cc cc cc 48 8b 01 48 8b 48 18 48 8b 81 78 03 00 


Stack slot to memory mapping:
stack at sp + 0 slots: 0x000001b60745d6e1 is at code_begin+993 in an Interpreter codelet
method entry point (kind = native)  [0x000001b60745d300, 0x000001b60745dc80]  2432 bytes
stack at sp + 1 slots: 0x000001b607459520 is at code_begin+1152 in an Interpreter codelet
return entry points  [0x000001b6074590a0, 0x000001b607459c00]  2912 bytes
stack at sp + 2 slots: 0x000001b60745d412 is at code_begin+274 in an Interpreter codelet
method entry point (kind = native)  [0x000001b60745d300, 0x000001b60745dc80]  2432 bytes
stack at sp + 3 slots: {method} {0x000001b6524e4050} 'nglGenTextures' '(IJ)V' in 'org/lwjgl/opengl/GL11C'
stack at sp + 4 slots: 0x000001b6521aa830 is pointing into metadata
stack at sp + 5 slots: 0x000000a910cff418 is pointing into the stack for thread: 0x000001b66b51e8b0
stack at sp + 6 slots: 0x000001b6074595ef is at code_begin+1359 in an Interpreter codelet
return entry points  [0x000001b6074590a0, 0x000001b607459c00]  2912 bytes
stack at sp + 7 slots: 0x000001b60745d3b6 is at code_begin+182 in an Interpreter codelet
method entry point (kind = native)  [0x000001b60745d300, 0x000001b60745dc80]  2432 bytes


---------------  P R O C E S S  ---------------

Threads class SMR info:
_java_thread_list=0x000001b6564e2530, length=16, elements={
0x000001b66b51e8b0, 0x000001b656002680, 0x000001b656003500, 0x000001b65601f830,
0x000001b656021400, 0x000001b656021fc0, 0x000001b656024a90, 0x000001b656026750,
0x000001b656027110, 0x000001b65602aa40, 0x000001b65614fce0, 0x000001b656175fa0,
0x000001b6561eb330, 0x000001b6561ec480, 0x000001b6563fae10, 0x000001b656557910
}

Java Threads: ( => current thread )
=>0x000001b66b51e8b0 JavaThread "main" [_thread_in_native, id=55396, stack(0x000000a910c00000,0x000000a910d00000)]
  0x000001b656002680 JavaThread "Reference Handler" daemon [_thread_blocked, id=7716, stack(0x000000a911300000,0x000000a911400000)]
  0x000001b656003500 JavaThread "Finalizer" daemon [_thread_blocked, id=61880, stack(0x000000a911400000,0x000000a911500000)]
  0x000001b65601f830 JavaThread "Signal Dispatcher" daemon [_thread_blocked, id=51464, stack(0x000000a911500000,0x000000a911600000)]
  0x000001b656021400 JavaThread "Attach Listener" daemon [_thread_blocked, id=54464, stack(0x000000a911600000,0x000000a911700000)]
  0x000001b656021fc0 JavaThread "Service Thread" daemon [_thread_blocked, id=28132, stack(0x000000a911700000,0x000000a911800000)]
  0x000001b656024a90 JavaThread "Monitor Deflation Thread" daemon [_thread_blocked, id=19300, stack(0x000000a911800000,0x000000a911900000)]
  0x000001b656026750 JavaThread "C2 CompilerThread0" daemon [_thread_blocked, id=956, stack(0x000000a911900000,0x000000a911a00000)]
  0x000001b656027110 JavaThread "C1 CompilerThread0" daemon [_thread_blocked, id=58876, stack(0x000000a911a00000,0x000000a911b00000)]
  0x000001b65602aa40 JavaThread "Sweeper thread" daemon [_thread_blocked, id=59968, stack(0x000000a911b00000,0x000000a911c00000)]
  0x000001b65614fce0 JavaThread "C1 CompilerThread1" daemon [_thread_blocked, id=56872, stack(0x000000a911c00000,0x000000a911d00000)]
  0x000001b656175fa0 JavaThread "C1 CompilerThread2" daemon [_thread_blocked, id=28624, stack(0x000000a911d00000,0x000000a911e00000)]
  0x000001b6561eb330 JavaThread "Notification Thread" daemon [_thread_blocked, id=23492, stack(0x000000a911e00000,0x000000a911f00000)]
  0x000001b6561ec480 JavaThread "Common-Cleaner" daemon [_thread_blocked, id=52740, stack(0x000000a912000000,0x000000a912100000)]
  0x000001b6563fae10 JavaThread "fg-sfx-worker" daemon [_thread_blocked, id=38868, stack(0x000000a912100000,0x000000a912200000)]
  0x000001b656557910 JavaThread "C2 CompilerThread1" daemon [_thread_blocked, id=43600, stack(0x000000a912200000,0x000000a912300000)]

Other Threads:
  0x000001b67fe8def0 VMThread "VM Thread" [stack: 0x000000a911200000,0x000000a911300000] [id=17956]
  0x000001b6561ec030 WatcherThread [stack: 0x000000a911f00000,0x000000a912000000] [id=61800]
  0x000001b66d778170 GCTaskThread "GC Thread#0" [stack: 0x000000a910d00000,0x000000a910e00000] [id=19080]
  0x000001b66d788b10 ConcurrentGCThread "G1 Main Marker" [stack: 0x000000a910e00000,0x000000a910f00000] [id=63428]
  0x000001b66d78a540 ConcurrentGCThread "G1 Conc#0" [stack: 0x000000a910f00000,0x000000a911000000] [id=47664]
  0x000001b66d7beba0 ConcurrentGCThread "G1 Refine#0" [stack: 0x000000a911000000,0x000000a911100000] [id=61456]
  0x000001b67fd4ab30 ConcurrentGCThread "G1 Service" [stack: 0x000000a911100000,0x000000a911200000] [id=40096]

Threads with active compile tasks:

VM state: not at safepoint (normal execution)

VM Mutex/Monitor currently owned by a thread: None

Heap address: 0x0000000705c00000, size: 4004 MB, Compressed Oops mode: Zero based, Oop shift amount: 3

CDS archive(s) mapped at: [0x000001b611000000-0x000001b611bb0000-0x000001b611bb0000), size 12255232, SharedBaseAddress: 0x000001b611000000, ArchiveRelocationMode: 1.
Compressed class space mapped at: 0x000001b612000000-0x000001b652000000, reserved size: 1073741824
Narrow klass base: 0x000001b611000000, Narrow klass shift: 0, Narrow klass range: 0x100000000

GC Precious Log:
 CPUs: 16 total, 16 available
 Memory: 16010M
 Large Page Support: Disabled
 NUMA Support: Disabled
 Compressed Oops: Enabled (Zero based)
 Heap Region Size: 2M
 Heap Min Capacity: 8M
 Heap Initial Capacity: 252M
 Heap Max Capacity: 4004M
 Pre-touch: Disabled
 Parallel Workers: 13
 Concurrent Workers: 3
 Concurrent Refinement Workers: 13
 Periodic GC: Disabled

Heap:
 garbage-first heap   total 258048K, used 12288K [0x0000000705c00000, 0x0000000800000000)
  region size 2048K, 6 young (12288K), 0 survivors (0K)
 Metaspace       used 2870K, committed 3072K, reserved 1114112K
  class space    used 226K, committed 320K, reserved 1048576K

Heap Regions: E=young(eden), S=young(survivor), O=old, HS=humongous(starts), HC=humongous(continues), CS=collection set, F=free, OA=open archive, CA=closed archive, TAMS=top-at-mark-start (previous, next)
|   0|0x0000000705c00000, 0x0000000705e00000, 0x0000000705e00000|100%|HS|  |TAMS 0x0000000705c00000, 0x0000000705c00000| Complete 
|   1|0x0000000705e00000, 0x0000000706000000, 0x0000000706000000|100%|HC|  |TAMS 0x0000000705e00000, 0x0000000705e00000| Complete 
|   2|0x0000000706000000, 0x0000000706000000, 0x0000000706200000|  0%| F|  |TAMS 0x0000000706000000, 0x0000000706000000| Untracked 
|   3|0x0000000706200000, 0x0000000706200000, 0x0000000706400000|  0%| F|  |TAMS 0x0000000706200000, 0x0000000706200000| Untracked 
|   4|0x0000000706400000, 0x0000000706400000, 0x0000000706600000|  0%| F|  |TAMS 0x0000000706400000, 0x0000000706400000| Untracked 
|   5|0x0000000706600000, 0x0000000706600000, 0x0000000706800000|  0%| F|  |TAMS 0x0000000706600000, 0x0000000706600000| Untracked 
|   6|0x0000000706800000, 0x0000000706800000, 0x0000000706a00000|  0%| F|  |TAMS 0x0000000706800000, 0x0000000706800000| Untracked 
|   7|0x0000000706a00000, 0x0000000706a00000, 0x0000000706c00000|  0%| F|  |TAMS 0x0000000706a00000, 0x0000000706a00000| Untracked 
|   8|0x0000000706c00000, 0x0000000706c00000, 0x0000000706e00000|  0%| F|  |TAMS 0x0000000706c00000, 0x0000000706c00000| Untracked 
|   9|0x0000000706e00000, 0x0000000706e00000, 0x0000000707000000|  0%| F|  |TAMS 0x0000000706e00000, 0x0000000706e00000| Untracked 
|  10|0x0000000707000000, 0x0000000707000000, 0x0000000707200000|  0%| F|  |TAMS 0x0000000707000000, 0x0000000707000000| Untracked 
|  11|0x0000000707200000, 0x0000000707200000, 0x0000000707400000|  0%| F|  |TAMS 0x0000000707200000, 0x0000000707200000| Untracked 
|  12|0x0000000707400000, 0x0000000707400000, 0x0000000707600000|  0%| F|  |TAMS 0x0000000707400000, 0x0000000707400000| Untracked 
|  13|0x0000000707600000, 0x0000000707600000, 0x0000000707800000|  0%| F|  |TAMS 0x0000000707600000, 0x0000000707600000| Untracked 
|  14|0x0000000707800000, 0x0000000707800000, 0x0000000707a00000|  0%| F|  |TAMS 0x0000000707800000, 0x0000000707800000| Untracked 
|  15|0x0000000707a00000, 0x0000000707a00000, 0x0000000707c00000|  0%| F|  |TAMS 0x0000000707a00000, 0x0000000707a00000| Untracked 
|  16|0x0000000707c00000, 0x0000000707c00000, 0x0000000707e00000|  0%| F|  |TAMS 0x0000000707c00000, 0x0000000707c00000| Untracked 
|  17|0x0000000707e00000, 0x0000000707e00000, 0x0000000708000000|  0%| F|  |TAMS 0x0000000707e00000, 0x0000000707e00000| Untracked 
|  18|0x0000000708000000, 0x0000000708000000, 0x0000000708200000|  0%| F|  |TAMS 0x0000000708000000, 0x0000000708000000| Untracked 
|  19|0x0000000708200000, 0x0000000708200000, 0x0000000708400000|  0%| F|  |TAMS 0x0000000708200000, 0x0000000708200000| Untracked 
|  20|0x0000000708400000, 0x0000000708400000, 0x0000000708600000|  0%| F|  |TAMS 0x0000000708400000, 0x0000000708400000| Untracked 
|  21|0x0000000708600000, 0x0000000708600000, 0x0000000708800000|  0%| F|  |TAMS 0x0000000708600000, 0x0000000708600000| Untracked 
|  22|0x0000000708800000, 0x0000000708800000, 0x0000000708a00000|  0%| F|  |TAMS 0x0000000708800000, 0x0000000708800000| Untracked 
|  23|0x0000000708a00000, 0x0000000708a00000, 0x0000000708c00000|  0%| F|  |TAMS 0x0000000708a00000, 0x0000000708a00000| Untracked 
|  24|0x0000000708c00000, 0x0000000708c00000, 0x0000000708e00000|  0%| F|  |TAMS 0x0000000708c00000, 0x0000000708c00000| Untracked 
|  25|0x0000000708e00000, 0x0000000708e00000, 0x0000000709000000|  0%| F|  |TAMS 0x0000000708e00000, 0x0000000708e00000| Untracked 
|  26|0x0000000709000000, 0x0000000709000000, 0x0000000709200000|  0%| F|  |TAMS 0x0000000709000000, 0x0000000709000000| Untracked 
|  27|0x0000000709200000, 0x0000000709200000, 0x0000000709400000|  0%| F|  |TAMS 0x0000000709200000, 0x0000000709200000| Untracked 
|  28|0x0000000709400000, 0x0000000709400000, 0x0000000709600000|  0%| F|  |TAMS 0x0000000709400000, 0x0000000709400000| Untracked 
|  29|0x0000000709600000, 0x0000000709600000, 0x0000000709800000|  0%| F|  |TAMS 0x0000000709600000, 0x0000000709600000| Untracked 
|  30|0x0000000709800000, 0x0000000709800000, 0x0000000709a00000|  0%| F|  |TAMS 0x0000000709800000, 0x0000000709800000| Untracked 
|  31|0x0000000709a00000, 0x0000000709a00000, 0x0000000709c00000|  0%| F|  |TAMS 0x0000000709a00000, 0x0000000709a00000| Untracked 
|  32|0x0000000709c00000, 0x0000000709c00000, 0x0000000709e00000|  0%| F|  |TAMS 0x0000000709c00000, 0x0000000709c00000| Untracked 
|  33|0x0000000709e00000, 0x0000000709e00000, 0x000000070a000000|  0%| F|  |TAMS 0x0000000709e00000, 0x0000000709e00000| Untracked 
|  34|0x000000070a000000, 0x000000070a000000, 0x000000070a200000|  0%| F|  |TAMS 0x000000070a000000, 0x000000070a000000| Untracked 
|  35|0x000000070a200000, 0x000000070a200000, 0x000000070a400000|  0%| F|  |TAMS 0x000000070a200000, 0x000000070a200000| Untracked 
|  36|0x000000070a400000, 0x000000070a400000, 0x000000070a600000|  0%| F|  |TAMS 0x000000070a400000, 0x000000070a400000| Untracked 
|  37|0x000000070a600000, 0x000000070a600000, 0x000000070a800000|  0%| F|  |TAMS 0x000000070a600000, 0x000000070a600000| Untracked 
|  38|0x000000070a800000, 0x000000070a800000, 0x000000070aa00000|  0%| F|  |TAMS 0x000000070a800000, 0x000000070a800000| Untracked 
|  39|0x000000070aa00000, 0x000000070aa00000, 0x000000070ac00000|  0%| F|  |TAMS 0x000000070aa00000, 0x000000070aa00000| Untracked 
|  40|0x000000070ac00000, 0x000000070ac00000, 0x000000070ae00000|  0%| F|  |TAMS 0x000000070ac00000, 0x000000070ac00000| Untracked 
|  41|0x000000070ae00000, 0x000000070ae00000, 0x000000070b000000|  0%| F|  |TAMS 0x000000070ae00000, 0x000000070ae00000| Untracked 
|  42|0x000000070b000000, 0x000000070b000000, 0x000000070b200000|  0%| F|  |TAMS 0x000000070b000000, 0x000000070b000000| Untracked 
|  43|0x000000070b200000, 0x000000070b200000, 0x000000070b400000|  0%| F|  |TAMS 0x000000070b200000, 0x000000070b200000| Untracked 
|  44|0x000000070b400000, 0x000000070b400000, 0x000000070b600000|  0%| F|  |TAMS 0x000000070b400000, 0x000000070b400000| Untracked 
|  45|0x000000070b600000, 0x000000070b600000, 0x000000070b800000|  0%| F|  |TAMS 0x000000070b600000, 0x000000070b600000| Untracked 
|  46|0x000000070b800000, 0x000000070b800000, 0x000000070ba00000|  0%| F|  |TAMS 0x000000070b800000, 0x000000070b800000| Untracked 
|  47|0x000000070ba00000, 0x000000070ba00000, 0x000000070bc00000|  0%| F|  |TAMS 0x000000070ba00000, 0x000000070ba00000| Untracked 
|  48|0x000000070bc00000, 0x000000070bc00000, 0x000000070be00000|  0%| F|  |TAMS 0x000000070bc00000, 0x000000070bc00000| Untracked 
|  49|0x000000070be00000, 0x000000070be00000, 0x000000070c000000|  0%| F|  |TAMS 0x000000070be00000, 0x000000070be00000| Untracked 
|  50|0x000000070c000000, 0x000000070c000000, 0x000000070c200000|  0%| F|  |TAMS 0x000000070c000000, 0x000000070c000000| Untracked 
|  51|0x000000070c200000, 0x000000070c200000, 0x000000070c400000|  0%| F|  |TAMS 0x000000070c200000, 0x000000070c200000| Untracked 
|  52|0x000000070c400000, 0x000000070c400000, 0x000000070c600000|  0%| F|  |TAMS 0x000000070c400000, 0x000000070c400000| Untracked 
|  53|0x000000070c600000, 0x000000070c600000, 0x000000070c800000|  0%| F|  |TAMS 0x000000070c600000, 0x000000070c600000| Untracked 
|  54|0x000000070c800000, 0x000000070c800000, 0x000000070ca00000|  0%| F|  |TAMS 0x000000070c800000, 0x000000070c800000| Untracked 
|  55|0x000000070ca00000, 0x000000070ca00000, 0x000000070cc00000|  0%| F|  |TAMS 0x000000070ca00000, 0x000000070ca00000| Untracked 
|  56|0x000000070cc00000, 0x000000070cc00000, 0x000000070ce00000|  0%| F|  |TAMS 0x000000070cc00000, 0x000000070cc00000| Untracked 
|  57|0x000000070ce00000, 0x000000070ce00000, 0x000000070d000000|  0%| F|  |TAMS 0x000000070ce00000, 0x000000070ce00000| Untracked 
|  58|0x000000070d000000, 0x000000070d000000, 0x000000070d200000|  0%| F|  |TAMS 0x000000070d000000, 0x000000070d000000| Untracked 
|  59|0x000000070d200000, 0x000000070d200000, 0x000000070d400000|  0%| F|  |TAMS 0x000000070d200000, 0x000000070d200000| Untracked 
|  60|0x000000070d400000, 0x000000070d400000, 0x000000070d600000|  0%| F|  |TAMS 0x000000070d400000, 0x000000070d400000| Untracked 
|  61|0x000000070d600000, 0x000000070d600000, 0x000000070d800000|  0%| F|  |TAMS 0x000000070d600000, 0x000000070d600000| Untracked 
|  62|0x000000070d800000, 0x000000070d800000, 0x000000070da00000|  0%| F|  |TAMS 0x000000070d800000, 0x000000070d800000| Untracked 
|  63|0x000000070da00000, 0x000000070da00000, 0x000000070dc00000|  0%| F|  |TAMS 0x000000070da00000, 0x000000070da00000| Untracked 
|  64|0x000000070dc00000, 0x000000070dc00000, 0x000000070de00000|  0%| F|  |TAMS 0x000000070dc00000, 0x000000070dc00000| Untracked 
|  65|0x000000070de00000, 0x000000070de00000, 0x000000070e000000|  0%| F|  |TAMS 0x000000070de00000, 0x000000070de00000| Untracked 
|  66|0x000000070e000000, 0x000000070e000000, 0x000000070e200000|  0%| F|  |TAMS 0x000000070e000000, 0x000000070e000000| Untracked 
|  67|0x000000070e200000, 0x000000070e200000, 0x000000070e400000|  0%| F|  |TAMS 0x000000070e200000, 0x000000070e200000| Untracked 
|  68|0x000000070e400000, 0x000000070e400000, 0x000000070e600000|  0%| F|  |TAMS 0x000000070e400000, 0x000000070e400000| Untracked 
|  69|0x000000070e600000, 0x000000070e600000, 0x000000070e800000|  0%| F|  |TAMS 0x000000070e600000, 0x000000070e600000| Untracked 
|  70|0x000000070e800000, 0x000000070e800000, 0x000000070ea00000|  0%| F|  |TAMS 0x000000070e800000, 0x000000070e800000| Untracked 
|  71|0x000000070ea00000, 0x000000070ea00000, 0x000000070ec00000|  0%| F|  |TAMS 0x000000070ea00000, 0x000000070ea00000| Untracked 
|  72|0x000000070ec00000, 0x000000070ec00000, 0x000000070ee00000|  0%| F|  |TAMS 0x000000070ec00000, 0x000000070ec00000| Untracked 
|  73|0x000000070ee00000, 0x000000070ee00000, 0x000000070f000000|  0%| F|  |TAMS 0x000000070ee00000, 0x000000070ee00000| Untracked 
|  74|0x000000070f000000, 0x000000070f000000, 0x000000070f200000|  0%| F|  |TAMS 0x000000070f000000, 0x000000070f000000| Untracked 
|  75|0x000000070f200000, 0x000000070f200000, 0x000000070f400000|  0%| F|  |TAMS 0x000000070f200000, 0x000000070f200000| Untracked 
|  76|0x000000070f400000, 0x000000070f400000, 0x000000070f600000|  0%| F|  |TAMS 0x000000070f400000, 0x000000070f400000| Untracked 
|  77|0x000000070f600000, 0x000000070f600000, 0x000000070f800000|  0%| F|  |TAMS 0x000000070f600000, 0x000000070f600000| Untracked 
|  78|0x000000070f800000, 0x000000070f800000, 0x000000070fa00000|  0%| F|  |TAMS 0x000000070f800000, 0x000000070f800000| Untracked 
|  79|0x000000070fa00000, 0x000000070fa00000, 0x000000070fc00000|  0%| F|  |TAMS 0x000000070fa00000, 0x000000070fa00000| Untracked 
|  80|0x000000070fc00000, 0x000000070fc00000, 0x000000070fe00000|  0%| F|  |TAMS 0x000000070fc00000, 0x000000070fc00000| Untracked 
|  81|0x000000070fe00000, 0x000000070fe00000, 0x0000000710000000|  0%| F|  |TAMS 0x000000070fe00000, 0x000000070fe00000| Untracked 
|  82|0x0000000710000000, 0x0000000710000000, 0x0000000710200000|  0%| F|  |TAMS 0x0000000710000000, 0x0000000710000000| Untracked 
|  83|0x0000000710200000, 0x0000000710200000, 0x0000000710400000|  0%| F|  |TAMS 0x0000000710200000, 0x0000000710200000| Untracked 
|  84|0x0000000710400000, 0x0000000710400000, 0x0000000710600000|  0%| F|  |TAMS 0x0000000710400000, 0x0000000710400000| Untracked 
|  85|0x0000000710600000, 0x0000000710600000, 0x0000000710800000|  0%| F|  |TAMS 0x0000000710600000, 0x0000000710600000| Untracked 
|  86|0x0000000710800000, 0x0000000710800000, 0x0000000710a00000|  0%| F|  |TAMS 0x0000000710800000, 0x0000000710800000| Untracked 
|  87|0x0000000710a00000, 0x0000000710a00000, 0x0000000710c00000|  0%| F|  |TAMS 0x0000000710a00000, 0x0000000710a00000| Untracked 
|  88|0x0000000710c00000, 0x0000000710c00000, 0x0000000710e00000|  0%| F|  |TAMS 0x0000000710c00000, 0x0000000710c00000| Untracked 
|  89|0x0000000710e00000, 0x0000000710e00000, 0x0000000711000000|  0%| F|  |TAMS 0x0000000710e00000, 0x0000000710e00000| Untracked 
|  90|0x0000000711000000, 0x0000000711000000, 0x0000000711200000|  0%| F|  |TAMS 0x0000000711000000, 0x0000000711000000| Untracked 
|  91|0x0000000711200000, 0x0000000711200000, 0x0000000711400000|  0%| F|  |TAMS 0x0000000711200000, 0x0000000711200000| Untracked 
|  92|0x0000000711400000, 0x0000000711400000, 0x0000000711600000|  0%| F|  |TAMS 0x0000000711400000, 0x0000000711400000| Untracked 
|  93|0x0000000711600000, 0x0000000711600000, 0x0000000711800000|  0%| F|  |TAMS 0x0000000711600000, 0x0000000711600000| Untracked 
|  94|0x0000000711800000, 0x0000000711800000, 0x0000000711a00000|  0%| F|  |TAMS 0x0000000711800000, 0x0000000711800000| Untracked 
|  95|0x0000000711a00000, 0x0000000711a00000, 0x0000000711c00000|  0%| F|  |TAMS 0x0000000711a00000, 0x0000000711a00000| Untracked 
|  96|0x0000000711c00000, 0x0000000711c00000, 0x0000000711e00000|  0%| F|  |TAMS 0x0000000711c00000, 0x0000000711c00000| Untracked 
|  97|0x0000000711e00000, 0x0000000711e00000, 0x0000000712000000|  0%| F|  |TAMS 0x0000000711e00000, 0x0000000711e00000| Untracked 
|  98|0x0000000712000000, 0x0000000712000000, 0x0000000712200000|  0%| F|  |TAMS 0x0000000712000000, 0x0000000712000000| Untracked 
|  99|0x0000000712200000, 0x0000000712200000, 0x0000000712400000|  0%| F|  |TAMS 0x0000000712200000, 0x0000000712200000| Untracked 
| 100|0x0000000712400000, 0x0000000712400000, 0x0000000712600000|  0%| F|  |TAMS 0x0000000712400000, 0x0000000712400000| Untracked 
| 101|0x0000000712600000, 0x0000000712600000, 0x0000000712800000|  0%| F|  |TAMS 0x0000000712600000, 0x0000000712600000| Untracked 
| 102|0x0000000712800000, 0x0000000712800000, 0x0000000712a00000|  0%| F|  |TAMS 0x0000000712800000, 0x0000000712800000| Untracked 
| 103|0x0000000712a00000, 0x0000000712a00000, 0x0000000712c00000|  0%| F|  |TAMS 0x0000000712a00000, 0x0000000712a00000| Untracked 
| 104|0x0000000712c00000, 0x0000000712c00000, 0x0000000712e00000|  0%| F|  |TAMS 0x0000000712c00000, 0x0000000712c00000| Untracked 
| 105|0x0000000712e00000, 0x0000000712e00000, 0x0000000713000000|  0%| F|  |TAMS 0x0000000712e00000, 0x0000000712e00000| Untracked 
| 106|0x0000000713000000, 0x0000000713000000, 0x0000000713200000|  0%| F|  |TAMS 0x0000000713000000, 0x0000000713000000| Untracked 
| 107|0x0000000713200000, 0x0000000713200000, 0x0000000713400000|  0%| F|  |TAMS 0x0000000713200000, 0x0000000713200000| Untracked 
| 108|0x0000000713400000, 0x0000000713400000, 0x0000000713600000|  0%| F|  |TAMS 0x0000000713400000, 0x0000000713400000| Untracked 
| 109|0x0000000713600000, 0x0000000713600000, 0x0000000713800000|  0%| F|  |TAMS 0x0000000713600000, 0x0000000713600000| Untracked 
| 110|0x0000000713800000, 0x0000000713800000, 0x0000000713a00000|  0%| F|  |TAMS 0x0000000713800000, 0x0000000713800000| Untracked 
| 111|0x0000000713a00000, 0x0000000713a00000, 0x0000000713c00000|  0%| F|  |TAMS 0x0000000713a00000, 0x0000000713a00000| Untracked 
| 112|0x0000000713c00000, 0x0000000713c00000, 0x0000000713e00000|  0%| F|  |TAMS 0x0000000713c00000, 0x0000000713c00000| Untracked 
| 113|0x0000000713e00000, 0x0000000713e00000, 0x0000000714000000|  0%| F|  |TAMS 0x0000000713e00000, 0x0000000713e00000| Untracked 
| 114|0x0000000714000000, 0x0000000714000000, 0x0000000714200000|  0%| F|  |TAMS 0x0000000714000000, 0x0000000714000000| Untracked 
| 115|0x0000000714200000, 0x0000000714200000, 0x0000000714400000|  0%| F|  |TAMS 0x0000000714200000, 0x0000000714200000| Untracked 
| 116|0x0000000714400000, 0x0000000714400000, 0x0000000714600000|  0%| F|  |TAMS 0x0000000714400000, 0x0000000714400000| Untracked 
| 117|0x0000000714600000, 0x0000000714600000, 0x0000000714800000|  0%| F|  |TAMS 0x0000000714600000, 0x0000000714600000| Untracked 
| 118|0x0000000714800000, 0x0000000714800000, 0x0000000714a00000|  0%| F|  |TAMS 0x0000000714800000, 0x0000000714800000| Untracked 
| 119|0x0000000714a00000, 0x0000000714a00000, 0x0000000714c00000|  0%| F|  |TAMS 0x0000000714a00000, 0x0000000714a00000| Untracked 
| 120|0x0000000714c00000, 0x0000000714c7bce0, 0x0000000714e00000| 24%| E|  |TAMS 0x0000000714c00000, 0x0000000714c00000| Complete 
| 121|0x0000000714e00000, 0x0000000715000000, 0x0000000715000000|100%| E|CS|TAMS 0x0000000714e00000, 0x0000000714e00000| Complete 
| 122|0x0000000715000000, 0x0000000715200000, 0x0000000715200000|100%| E|CS|TAMS 0x0000000715000000, 0x0000000715000000| Complete 
| 123|0x0000000715200000, 0x0000000715400000, 0x0000000715400000|100%| E|  |TAMS 0x0000000715200000, 0x0000000715200000| Complete 
| 124|0x0000000715400000, 0x0000000715600000, 0x0000000715600000|100%| E|CS|TAMS 0x0000000715400000, 0x0000000715400000| Complete 
| 125|0x0000000715600000, 0x0000000715800000, 0x0000000715800000|100%| E|CS|TAMS 0x0000000715600000, 0x0000000715600000| Complete 

Card table byte_map: [0x000001b6762e0000,0x000001b676ac0000] _byte_map_base: 0x000001b672ab2000

Marking Bits (Prev, Next): (CMBitMap*) 0x000001b66d7787a0, (CMBitMap*) 0x000001b66d7787e0
 Prev Bits: [0x000001b6772a0000, 0x000001b67b130000)
 Next Bits: [0x000001b67b130000, 0x000001b67efc0000)

Polling page: 0x000001b66b6b0000

Metaspace:

Usage:
  Non-class:      2.58 MB used.
      Class:    226.29 KB used.
       Both:      2.80 MB used.

Virtual space:
  Non-class space:       64.00 MB reserved,       2.69 MB (  4%) committed,  1 nodes.
      Class space:        1.00 GB reserved,     320.00 KB ( <1%) committed,  1 nodes.
             Both:        1.06 GB reserved,       3.00 MB ( <1%) committed. 

Chunk freelists:
   Non-Class:  11.05 MB
       Class:  15.64 MB
        Both:  26.68 MB

MaxMetaspaceSize: unlimited
CompressedClassSpaceSize: 1.00 GB
Initial GC threshold: 21.00 MB
Current GC threshold: 21.00 MB
CDS: on
MetaspaceReclaimPolicy: balanced
 - commit_granule_bytes: 65536.
 - commit_granule_words: 8192.
 - virtual_space_node_default_size: 8388608.
 - enlarge_chunks_in_place: 1.
 - new_chunks_are_fully_committed: 0.
 - uncommit_free_chunks: 1.
 - use_allocation_guard: 0.
 - handle_deallocations: 1.


Internal statistics:

num_allocs_failed_limit: 0.
num_arena_births: 110.
num_arena_deaths: 0.
num_vsnodes_births: 2.
num_vsnodes_deaths: 0.
num_space_committed: 48.
num_space_uncommitted: 0.
num_chunks_returned_to_freelist: 0.
num_chunks_taken_from_freelist: 173.
num_chunk_merges: 0.
num_chunk_splits: 108.
num_chunks_enlarged: 64.
num_inconsistent_stats: 0.

CodeHeap 'non-profiled nmethods': size=119168Kb used=205Kb max_used=205Kb free=118962Kb
 bounds [0x000001b607ba0000, 0x000001b607e10000, 0x000001b60f000000]
CodeHeap 'profiled nmethods': size=119104Kb used=1070Kb max_used=1070Kb free=118033Kb
 bounds [0x000001b600000000, 0x000001b600270000, 0x000001b607450000]
CodeHeap 'non-nmethods': size=7488Kb used=2310Kb max_used=2324Kb free=5177Kb
 bounds [0x000001b607450000, 0x000001b6076c0000, 0x000001b607ba0000]
 total_blobs=1178 nmethods=693 adapters=396
 compilation: enabled
              stopped_count=0, restarted_count=0
 full_count=0

Compilation events (20 events):
Event: 0.301 Thread 0x000001b65614fce0  682       3       sun.net.www.ParseUtil::firstEncodeIndex (86 bytes)
Event: 0.301 Thread 0x000001b656175fa0  683       3       java.net.URL::isBuiltinStreamHandler (32 bytes)
Event: 0.301 Thread 0x000001b656027110  684       3       java.net.URL::isBuiltinStreamHandler (8 bytes)
Event: 0.301 Thread 0x000001b656027110 nmethod 684 0x000001b600105b10 code [0x000001b600105cc0, 0x000001b600105e88]
Event: 0.301 Thread 0x000001b656027110  685       3       sun.net.util.IPAddressUtil::checkHostString (53 bytes)
Event: 0.302 Thread 0x000001b65614fce0 nmethod 682 0x000001b600105f90 code [0x000001b6001061e0, 0x000001b600106b68]
Event: 0.302 Thread 0x000001b65614fce0  686       3       sun.net.util.IPAddressUtil::scan (92 bytes)
Event: 0.302 Thread 0x000001b656027110 nmethod 685 0x000001b600106f10 code [0x000001b6001071c0, 0x000001b600107d28]
Event: 0.302 Thread 0x000001b656175fa0 nmethod 683 0x000001b600108110 code [0x000001b600108400, 0x000001b600109438]
Event: 0.303 Thread 0x000001b65614fce0 nmethod 686 0x000001b600109990 code [0x000001b600109c00, 0x000001b60010a6f8]
Event: 0.303 Thread 0x000001b656175fa0  688       3       java.io.RandomAccessFile::read (8 bytes)
Event: 0.303 Thread 0x000001b656175fa0 nmethod 688 0x000001b60010ac90 code [0x000001b60010ae40, 0x000001b60010af88]
Event: 0.303 Thread 0x000001b656175fa0  690       3       java.lang.Integer::toUnsignedLong (7 bytes)
Event: 0.303 Thread 0x000001b656027110  691       3       sun.misc.Unsafe::putLong (11 bytes)
Event: 0.304 Thread 0x000001b65614fce0  692       3       org.lwjgl.system.MemoryUtil::memPutAddress (29 bytes)
Event: 0.304 Thread 0x000001b656175fa0 nmethod 690 0x000001b60010b090 code [0x000001b60010b220, 0x000001b60010b318]
Event: 0.304 Thread 0x000001b656027110 nmethod 691 0x000001b60010b390 code [0x000001b60010b520, 0x000001b60010b638]
Event: 0.304 Thread 0x000001b65614fce0 nmethod 692 0x000001b60010b710 code [0x000001b60010b8c0, 0x000001b60010bab8]
Event: 0.304 Thread 0x000001b656026750  693       4       java.lang.Integer::toUnsignedLong (7 bytes)
Event: 0.304 Thread 0x000001b656026750 nmethod 693 0x000001b607bd3410 code [0x000001b607bd3580, 0x000001b607bd35d8]

GC Heap History (0 events):
No events

Dll operation events (9 events):
Event: 0.008 Loaded shared library C:\Users\PC\.jdks\ms-17.0.18\bin\java.dll
Event: 0.023 Loaded shared library C:\Users\PC\.jdks\ms-17.0.18\bin\jsvml.dll
Event: 0.116 Loaded shared library C:\Users\PC\.jdks\ms-17.0.18\bin\net.dll
Event: 0.120 Loaded shared library C:\Users\PC\.jdks\ms-17.0.18\bin\nio.dll
Event: 0.174 Loaded shared library C:\Users\PC\.jdks\ms-17.0.18\bin\zip.dll
Event: 0.203 Loaded shared library C:\Users\PC\.jdks\ms-17.0.18\bin\jimage.dll
Event: 0.221 Loaded shared library C:\Users\PC\AppData\Local\Temp\lwjgl_PC\3.3.3+5\x64\lwjgl.dll
Event: 0.270 Loaded shared library C:\Users\PC\AppData\Local\Temp\lwjgl_PC\3.3.3+5\x64\lwjgl_stb.dll
Event: 0.290 Loaded shared library C:\Users\PC\AppData\Local\Temp\lwjgl_PC\3.3.3+5\x64\lwjgl_opengl.dll

Deoptimization events (2 events):
Event: 0.219 Thread 0x000001b66b51e8b0 DEOPT PACKING pc=0x000001b600018bc3 sp=0x000000a910cfc250
Event: 0.219 Thread 0x000001b66b51e8b0 DEOPT UNPACKING pc=0x000001b6074a7143 sp=0x000000a910cfb670 mode 0

Classes loaded (20 events):
Event: 0.249 Loading class sun/misc/Unsafe
Event: 0.249 Loading class sun/misc/Unsafe done
Event: 0.250 Loading class jdk/internal/reflect/UnsafeFieldAccessorFactory
Event: 0.250 Loading class jdk/internal/reflect/UnsafeFieldAccessorFactory done
Event: 0.250 Loading class jdk/internal/reflect/UnsafeQualifiedStaticObjectFieldAccessorImpl
Event: 0.250 Loading class jdk/internal/reflect/UnsafeQualifiedStaticFieldAccessorImpl
Event: 0.250 Loading class jdk/internal/reflect/UnsafeQualifiedStaticFieldAccessorImpl done
Event: 0.250 Loading class jdk/internal/reflect/UnsafeQualifiedStaticObjectFieldAccessorImpl done
Event: 0.253 Loading class java/util/function/LongPredicate
Event: 0.253 Loading class java/util/function/LongPredicate done
Event: 0.255 Loading class jdk/internal/access/foreign/MemorySegmentProxy
Event: 0.256 Loading class jdk/internal/access/foreign/MemorySegmentProxy done
Event: 0.259 Loading class java/nio/InvalidMarkException
Event: 0.259 Loading class java/nio/InvalidMarkException done
Event: 0.259 Loading class java/nio/BufferUnderflowException
Event: 0.259 Loading class java/nio/BufferUnderflowException done
Event: 0.275 Loading class java/util/Formatter$FixedString
Event: 0.275 Loading class java/util/Formatter$FixedString done
Event: 0.297 Loading class java/lang/NoSuchFieldError
Event: 0.297 Loading class java/lang/NoSuchFieldError done

Classes unloaded (0 events):
No events

Classes redefined (0 events):
No events

Internal exceptions (20 events):
Event: 0.190 Thread 0x000001b66b51e8b0 Exception <a 'java/lang/NoSuchMethodError'{0x000000071515ef60}: 'java.lang.Object java.lang.invoke.DirectMethodHandle$Holder.invokeStaticInit(java.lang.Object)'> (0x000000071515ef60) 
thrown [s\src\hotspot\share\interpreter\linkResolver.cpp, line 759]
Event: 0.197 Thread 0x000001b66b51e8b0 Exception <a 'java/lang/NoSuchMethodError'{0x00000007151aaa68}: 'void java.lang.invoke.DirectMethodHandle$Holder.invokeStatic(java.lang.Object, java.lang.Object)'> (0x00000007151aaa68) 
thrown [s\src\hotspot\share\interpreter\linkResolver.cpp, line 759]
Event: 0.198 Thread 0x000001b66b51e8b0 Exception <a 'java/lang/NoSuchMethodError'{0x00000007151b0020}: 'void java.lang.invoke.DirectMethodHandle$Holder.invokeSpecial(java.lang.Object, java.lang.Object, java.lang.Object)'> (0x00000007151b0020) 
thrown [s\src\hotspot\share\interpreter\linkResolver.cpp, line 759]
Event: 0.198 Thread 0x000001b66b51e8b0 Exception <a 'java/lang/NoSuchMethodError'{0x00000007151be5f8}: 'java.lang.Object java.lang.invoke.DirectMethodHandle$Holder.invokeStatic(java.lang.Object, java.lang.Object, int)'> (0x00000007151be5f8) 
thrown [s\src\hotspot\share\interpreter\linkResolver.cpp, line 759]
Event: 0.199 Thread 0x000001b66b51e8b0 Exception <a 'java/lang/NoSuchMethodError'{0x00000007151ca2a0}: 'void java.lang.invoke.DelegatingMethodHandle$Holder.delegate(java.lang.Object, java.lang.Object, int, java.lang.Object)'> (0x00000007151ca2a0) 
thrown [s\src\hotspot\share\interpreter\linkResolver.cpp, line 759]
Event: 0.200 Thread 0x000001b66b51e8b0 Exception <a 'java/lang/NoSuchMethodError'{0x00000007151ce4e0}: 'int java.lang.invoke.DirectMethodHandle$Holder.invokeSpecial(java.lang.Object, java.lang.Object, java.lang.Object)'> (0x00000007151ce4e0) 
thrown [s\src\hotspot\share\interpreter\linkResolver.cpp, line 759]
Event: 0.220 Thread 0x000001b66b51e8b0 Exception <a 'sun/nio/fs/WindowsException'{0x0000000714e38050}> (0x0000000714e38050) 
thrown [s\src\hotspot\share\prims\jni.cpp, line 516]
Event: 0.220 Thread 0x000001b66b51e8b0 Exception <a 'sun/nio/fs/WindowsException'{0x0000000714e38578}> (0x0000000714e38578) 
thrown [s\src\hotspot\share\prims\jni.cpp, line 516]
Event: 0.254 Thread 0x000001b66b51e8b0 Exception <a 'java/lang/NoSuchMethodError'{0x0000000714ee2e58}: 'int java.lang.invoke.DirectMethodHandle$Holder.invokeStaticInit(java.lang.Object, java.lang.Object, int, long)'> (0x0000000714ee2e58) 
thrown [s\src\hotspot\share\interpreter\linkResolver.cpp, line 759]
Event: 0.255 Thread 0x000001b66b51e8b0 Exception <a 'java/lang/NoSuchMethodError'{0x0000000714ee8960}: 'java.lang.Object java.lang.invoke.DirectMethodHandle$Holder.newInvokeSpecial(java.lang.Object, java.lang.Object, int)'> (0x0000000714ee8960) 
thrown [s\src\hotspot\share\interpreter\linkResolver.cpp, line 759]
Event: 0.257 Thread 0x000001b66b51e8b0 Exception <a 'java/lang/NoSuchMethodError'{0x0000000714ef80a8}: 'int java.lang.invoke.DirectMethodHandle$Holder.invokeStaticInit(java.lang.Object, java.lang.Object, long, long)'> (0x0000000714ef80a8) 
thrown [s\src\hotspot\share\interpreter\linkResolver.cpp, line 759]
Event: 0.257 Thread 0x000001b66b51e8b0 Exception <a 'java/lang/NoSuchMethodError'{0x0000000714efdd38}: 'java.lang.Object java.lang.invoke.DirectMethodHandle$Holder.newInvokeSpecial(java.lang.Object, java.lang.Object, long)'> (0x0000000714efdd38) 
thrown [s\src\hotspot\share\interpreter\linkResolver.cpp, line 759]
Event: 0.257 Thread 0x000001b66b51e8b0 Exception <a 'java/lang/NoSuchMethodError'{0x0000000714f01600}: 'java.lang.Object java.lang.invoke.Invokers$Holder.linkToTargetMethod(java.lang.Object, long, java.lang.Object)'> (0x0000000714f01600) 
thrown [s\src\hotspot\share\interpreter\linkResolver.cpp, line 759]
Event: 0.258 Thread 0x000001b66b51e8b0 Exception <a 'java/lang/NoSuchMethodError'{0x0000000714f08c00}: 'int java.lang.invoke.DirectMethodHandle$Holder.invokeStaticInit(java.lang.Object, java.lang.Object, java.lang.Object, long)'> (0x0000000714f08c00) 
thrown [s\src\hotspot\share\interpreter\linkResolver.cpp, line 759]
Event: 0.268 Thread 0x000001b66b51e8b0 Exception <a 'sun/nio/fs/WindowsException'{0x0000000714f47db0}> (0x0000000714f47db0) 
thrown [s\src\hotspot\share\prims\jni.cpp, line 516]
Event: 0.268 Thread 0x000001b66b51e8b0 Exception <a 'sun/nio/fs/WindowsException'{0x0000000714f48108}> (0x0000000714f48108) 
thrown [s\src\hotspot\share\prims\jni.cpp, line 516]
Event: 0.289 Thread 0x000001b66b51e8b0 Exception <a 'sun/nio/fs/WindowsException'{0x0000000714fcd800}> (0x0000000714fcd800) 
thrown [s\src\hotspot\share\prims\jni.cpp, line 516]
Event: 0.289 Thread 0x000001b66b51e8b0 Exception <a 'sun/nio/fs/WindowsException'{0x0000000714fcdb80}> (0x0000000714fcdb80) 
thrown [s\src\hotspot\share\prims\jni.cpp, line 516]
Event: 0.297 Thread 0x000001b66b51e8b0 Exception <a 'sun/nio/fs/WindowsException'{0x0000000714fd8008}> (0x0000000714fd8008) 
thrown [s\src\hotspot\share\prims\jni.cpp, line 516]
Event: 0.297 Thread 0x000001b66b51e8b0 Exception <a 'sun/nio/fs/WindowsException'{0x0000000714fd82c0}> (0x0000000714fd82c0) 
thrown [s\src\hotspot\share\prims\jni.cpp, line 516]

VM Operations (6 events):
Event: 0.156 Executing VM operation: HandshakeAllThreads
Event: 0.156 Executing VM operation: HandshakeAllThreads done
Event: 0.174 Executing VM operation: HandshakeAllThreads
Event: 0.174 Executing VM operation: HandshakeAllThreads done
Event: 0.228 Executing VM operation: HandshakeAllThreads
Event: 0.228 Executing VM operation: HandshakeAllThreads done

Memory protections (0 events):
No events

Nmethod flushes (0 events):
No events

Events (16 events):
Event: 0.023 Thread 0x000001b66b51e8b0 Thread added: 0x000001b66b51e8b0
Event: 0.025 Thread 0x000001b66b51e8b0 Thread added: 0x000001b656002680
Event: 0.025 Thread 0x000001b66b51e8b0 Thread added: 0x000001b656003500
Event: 0.034 Thread 0x000001b66b51e8b0 Thread added: 0x000001b65601f830
Event: 0.034 Thread 0x000001b66b51e8b0 Thread added: 0x000001b656021400
Event: 0.034 Thread 0x000001b66b51e8b0 Thread added: 0x000001b656021fc0
Event: 0.034 Thread 0x000001b66b51e8b0 Thread added: 0x000001b656024a90
Event: 0.034 Thread 0x000001b66b51e8b0 Thread added: 0x000001b656026750
Event: 0.034 Thread 0x000001b66b51e8b0 Thread added: 0x000001b656027110
Event: 0.034 Thread 0x000001b66b51e8b0 Thread added: 0x000001b65602aa40
Event: 0.044 Thread 0x000001b656027110 Thread added: 0x000001b65614fce0
Event: 0.045 Thread 0x000001b65614fce0 Thread added: 0x000001b656175fa0
Event: 0.047 Thread 0x000001b66b51e8b0 Thread added: 0x000001b6561eb330
Event: 0.063 Thread 0x000001b66b51e8b0 Thread added: 0x000001b6561ec480
Event: 0.157 Thread 0x000001b66b51e8b0 Thread added: 0x000001b6563fae10
Event: 0.247 Thread 0x000001b656175fa0 Thread added: 0x000001b656557910


Dynamic libraries:
0x00007ff6b7850000 - 0x00007ff6b785e000 	C:\Users\PC\.jdks\ms-17.0.18\bin\java.exe
0x00007ffb83a90000 - 0x00007ffb83ca8000 	C:\WINDOWS\SYSTEM32\ntdll.dll
0x00007ffb82db0000 - 0x00007ffb82e74000 	C:\WINDOWS\System32\KERNEL32.DLL
0x00007ffb81260000 - 0x00007ffb81633000 	C:\WINDOWS\System32\KERNELBASE.dll
0x00007ffb80d10000 - 0x00007ffb80e21000 	C:\WINDOWS\System32\ucrtbase.dll
0x00007ffb68e60000 - 0x00007ffb68e78000 	C:\Users\PC\.jdks\ms-17.0.18\bin\jli.dll
0x00007ffb61c00000 - 0x00007ffb61c1e000 	C:\Users\PC\.jdks\ms-17.0.18\bin\VCRUNTIME140.dll
0x00007ffb81730000 - 0x00007ffb818e2000 	C:\WINDOWS\System32\USER32.dll
0x00007ffb81230000 - 0x00007ffb81256000 	C:\WINDOWS\System32\win32u.dll
0x00007ffb83780000 - 0x00007ffb837a9000 	C:\WINDOWS\System32\GDI32.dll
0x00007ffb81110000 - 0x00007ffb8122b000 	C:\WINDOWS\System32\gdi32full.dll
0x00007ffb80e30000 - 0x00007ffb80eca000 	C:\WINDOWS\System32\msvcp_win.dll
0x00007ffb67950000 - 0x00007ffb67bec000 	C:\WINDOWS\WinSxS\amd64_microsoft.windows.common-controls_6595b64144ccf1df_6.0.22621.6060_none_2712eda17382d24b\COMCTL32.dll
0x00007ffb82e80000 - 0x00007ffb82f27000 	C:\WINDOWS\System32\msvcrt.dll
0x00007ffb818f0000 - 0x00007ffb81921000 	C:\WINDOWS\System32\IMM32.DLL
0x00007ffb6d8c0000 - 0x00007ffb6d8cc000 	C:\Users\PC\.jdks\ms-17.0.18\bin\vcruntime140_1.dll
0x00007ffb4f4c0000 - 0x00007ffb4f549000 	C:\Users\PC\.jdks\ms-17.0.18\bin\msvcp140.dll
0x00007ffadbc10000 - 0x00007ffadc88a000 	C:\Users\PC\.jdks\ms-17.0.18\bin\server\jvm.dll
0x00007ffb81930000 - 0x00007ffb819e1000 	C:\WINDOWS\System32\ADVAPI32.dll
0x00007ffb82d00000 - 0x00007ffb82da8000 	C:\WINDOWS\System32\sechost.dll
0x00007ffb81700000 - 0x00007ffb81728000 	C:\WINDOWS\System32\bcrypt.dll
0x00007ffb82ad0000 - 0x00007ffb82be8000 	C:\WINDOWS\System32\RPCRT4.dll
0x00007ffb82f40000 - 0x00007ffb82fb1000 	C:\WINDOWS\System32\WS2_32.dll
0x00007ffb7f9f0000 - 0x00007ffb7fa3d000 	C:\WINDOWS\SYSTEM32\POWRPROF.dll
0x00007ffb75300000 - 0x00007ffb75334000 	C:\WINDOWS\SYSTEM32\WINMM.dll
0x00007ffb6c970000 - 0x00007ffb6c97a000 	C:\WINDOWS\SYSTEM32\VERSION.dll
0x00007ffb7f9d0000 - 0x00007ffb7f9e3000 	C:\WINDOWS\SYSTEM32\UMPDC.dll
0x00007ffb7fc70000 - 0x00007ffb7fc88000 	C:\WINDOWS\SYSTEM32\kernel.appcore.dll
0x00007ffb6c7f0000 - 0x00007ffb6c7fa000 	C:\Users\PC\.jdks\ms-17.0.18\bin\jimage.dll
0x00007ffb7e550000 - 0x00007ffb7e783000 	C:\WINDOWS\SYSTEM32\DBGHELP.DLL
0x00007ffb83110000 - 0x00007ffb834a1000 	C:\WINDOWS\System32\combase.dll
0x00007ffb82c20000 - 0x00007ffb82cf8000 	C:\WINDOWS\System32\OLEAUT32.dll
0x00007ffb6d830000 - 0x00007ffb6d862000 	C:\WINDOWS\SYSTEM32\dbgcore.DLL
0x00007ffb80ed0000 - 0x00007ffb80f4b000 	C:\WINDOWS\System32\bcryptPrimitives.dll
0x00007ffb55c20000 - 0x00007ffb55c46000 	C:\Users\PC\.jdks\ms-17.0.18\bin\java.dll
0x00007ffb377c0000 - 0x00007ffb37896000 	C:\Users\PC\.jdks\ms-17.0.18\bin\jsvml.dll
0x00007ffb81aa0000 - 0x00007ffb8233c000 	C:\WINDOWS\System32\SHELL32.dll
0x00007ffb80fd0000 - 0x00007ffb8110f000 	C:\WINDOWS\System32\wintypes.dll
0x00007ffb7ea70000 - 0x00007ffb7f38a000 	C:\WINDOWS\SYSTEM32\windows.storage.dll
0x00007ffb834b0000 - 0x00007ffb835b4000 	C:\WINDOWS\System32\SHCORE.dll
0x00007ffb83800000 - 0x00007ffb83869000 	C:\WINDOWS\System32\shlwapi.dll
0x00007ffb80ad0000 - 0x00007ffb80af5000 	C:\WINDOWS\SYSTEM32\profapi.dll
0x00007ffb55c00000 - 0x00007ffb55c1b000 	C:\Users\PC\.jdks\ms-17.0.18\bin\net.dll
0x00007ffb77790000 - 0x00007ffb778bc000 	C:\WINDOWS\SYSTEM32\WINHTTP.dll
0x00007ffb80150000 - 0x00007ffb801b9000 	C:\WINDOWS\system32\mswsock.dll
0x00007ffb55be0000 - 0x00007ffb55bf6000 	C:\Users\PC\.jdks\ms-17.0.18\bin\nio.dll
0x00007ffb55b80000 - 0x00007ffb55b98000 	C:\Users\PC\.jdks\ms-17.0.18\bin\zip.dll
0x00007ffb37af0000 - 0x00007ffb37b6b000 	C:\Users\PC\AppData\Local\Temp\lwjgl_PC\3.3.3+5\x64\lwjgl.dll
0x00007ffb37730000 - 0x00007ffb377b2000 	C:\Users\PC\AppData\Local\Temp\lwjgl_PC\3.3.3+5\x64\lwjgl_stb.dll
0x00007ffb3b2c0000 - 0x00007ffb3b31e000 	C:\Users\PC\AppData\Local\Temp\lwjgl_PC\3.3.3+5\x64\lwjgl_opengl.dll
0x00007ffb40690000 - 0x00007ffb40790000 	C:\WINDOWS\SYSTEM32\opengl32.dll
0x00007ffb40660000 - 0x00007ffb4068d000 	C:\WINDOWS\SYSTEM32\GLU32.dll
0x00007ffb7b510000 - 0x00007ffb7b547000 	C:\WINDOWS\SYSTEM32\dxcore.dll

dbghelp: loaded successfully - version: 4.0.5 - missing functions: none
symbol engine: initialized successfully - sym options: 0x614 - pdb path: .;C:\Users\PC\.jdks\ms-17.0.18\bin;C:\WINDOWS\SYSTEM32;C:\WINDOWS\WinSxS\amd64_microsoft.windows.common-controls_6595b64144ccf1df_6.0.22621.6060_none_2712eda17382d24b;C:\Users\PC\.jdks\ms-17.0.18\bin\server;C:\Users\PC\AppData\Local\Temp\lwjgl_PC\3.3.3+5\x64

VM Arguments:
jvm_args: -Dfile.encoding=UTF-8 -Duser.country=KR -Duser.language=ko -Duser.variant 
java_command: FightingGameLWJGL
java_class_path (initial): C:\Users\PC\IdeaProjects\csc313-final-project\build\classes\java\main;C:\Users\PC\IdeaProjects\csc313-final-project\build\resources\main;C:\Users\PC\.gradle\caches\modules-2\files-2.1\org.lwjgl\lwjgl-glfw\3.3.3\efa1eb78c5ccd840e9f329717109b5e892d72f8e\lwjgl-glfw-3.3.3.jar;C:\Users\PC\.gradle\caches\modules-2\files-2.1\org.lwjgl\lwjgl-glfw\3.3.3\e449e28b4891fc423c54c85fbc5bb0b9efece67a\lwjgl-glfw-3.3.3-natives-windows.jar;C:\Users\PC\.gradle\caches\modules-2\files-2.1\org.lwjgl\lwjgl-opengl\3.3.3\2f6b0147078396a58979125a4c947664e98293a\lwjgl-opengl-3.3.3.jar;C:\Users\PC\.gradle\caches\modules-2\files-2.1\org.lwjgl\lwjgl-opengl\3.3.3\e6c1eec8be8a71951b830a4d69efc01c6531900c\lwjgl-opengl-3.3.3-natives-windows.jar;C:\Users\PC\.gradle\caches\modules-2\files-2.1\org.lwjgl\lwjgl-stb\3.3.3\25dd6161988d7e65f71d5065c99902402ee32746\lwjgl-stb-3.3.3.jar;C:\Users\PC\.gradle\caches\modules-2\files-2.1\org.lwjgl\lwjgl-stb\3.3.3\1d9facdf6541de114b0f963be33505b7679c78cb\lwjgl-stb-3.3.3-natives-windows.jar;C:\Users\PC\.gradle\caches\modules-2\files-2.1\org.lwjgl\lwjgl\3.3.3\29589b5f87ed335a6c7e7ee6a5775f81f97ecb84\lwjgl-3.3.3.jar;C:\Users\PC\.gradle\caches\modules-2\files-2.1\org.lwjgl\lwjgl\3.3.3\a5ed18a2b82fc91b81f40d717cb1f64c9dcb0540\lwjgl-3.3.3-natives-windows.jar
Launcher Type: SUN_STANDARD

[Global flags]
     intx CICompilerCount                          = 12                                        {product} {ergonomic}
     uint ConcGCThreads                            = 3                                         {product} {ergonomic}
     uint G1ConcRefinementThreads                  = 13                                        {product} {ergonomic}
   size_t G1HeapRegionSize                         = 2097152                                   {product} {ergonomic}
    uintx GCDrainStackTargetSize                   = 64                                        {product} {ergonomic}
   size_t InitialHeapSize                          = 264241152                                 {product} {ergonomic}
   size_t MarkStackSize                            = 4194304                                   {product} {ergonomic}
   size_t MaxHeapSize                              = 4198498304                                {product} {ergonomic}
   size_t MaxNewSize                               = 2518679552                                {product} {ergonomic}
   size_t MinHeapDeltaBytes                        = 2097152                                   {product} {ergonomic}
   size_t MinHeapSize                              = 8388608                                   {product} {ergonomic}
    uintx NonNMethodCodeHeapSize                   = 7602480                                {pd product} {ergonomic}
    uintx NonProfiledCodeHeapSize                  = 122027880                              {pd product} {ergonomic}
    uintx ProfiledCodeHeapSize                     = 122027880                              {pd product} {ergonomic}
    uintx ReservedCodeCacheSize                    = 251658240                              {pd product} {ergonomic}
     bool SegmentedCodeCache                       = true                                      {product} {ergonomic}
   size_t SoftMaxHeapSize                          = 4198498304                             {manageable} {ergonomic}
     bool UseCompressedClassPointers               = true                           {product lp64_product} {ergonomic}
     bool UseCompressedOops                        = true                           {product lp64_product} {ergonomic}
     bool UseG1GC                                  = true                                      {product} {ergonomic}
     bool UseLargePagesIndividualAllocation        = false                                  {pd product} {ergonomic}

Logging:
Log output configuration:
 #0: stdout all=warning uptime,level,tags
 #1: stderr all=off uptime,level,tags

Environment Variables:
JAVA_HOME=C:\Program Files\Java\jdk-21
PATH=C:\Program Files\Git\mingw64\bin;C:\Program Files\Git\usr\bin;C:\Users\PC\bin;C:\Program Files\Microsoft\jdk-21.0.9.10-hotspot\bin;C:\Program Files\MySQL\MySQL Server 8.0\bin;C:\Program Files\CMake\bin;C:\Ninja;C:\Program Files\Microsoft Visual Studio\2022\Community\VC\Tools\MSVC\14.42.34433\bin\Hostx64\x64;C:\Program Files (x86)\Windows Kits\10\bin\10.0.19041.0\x64;C:\Program Files (x86)\Windows Kits\10\Lib\10.0.19041.0\um\x64;C:\Program Files\Microsoft Visual Studio\2022\Community\VC\Tools\MSVC\14.42.34433\bin\Hostx64\x64\cl.exe;C:\Program Files\Git\cmd;C:\Program Files\Java\jdk-21\bin;C:\Users\PC\AppData\Local\Microsoft\WindowsApps;C:\Program Files\JetBrains\IntelliJ IDEA Community Edition 2023.3.3\bin;C:\Users\PC\AppData\Local\Programs\Microsoft VS Code\bin;C:\Program Files\MySQL\MySQL Server 8.0\bin;C:\Program Files\nodejs;C:\MinGW\bin;C:\Users\PC\AppData\Local\Programs\IntelliJ IDEA 2025.3.1.1\bin
USERNAME=PC
TERM=xterm
OS=Windows_NT
PROCESSOR_IDENTIFIER=Intel64 Family 6 Model 154 Stepping 3, GenuineIntel
TMP=C:\Users\PC\AppData\Local\Temp
TEMP=C:\Users\PC\AppData\Local\Temp



Periodic native trim disabled


---------------  S Y S T E M  ---------------

OS:
 Windows 11 , 64 bit Build 22621 (10.0.22621.5415)
OS uptime: 9 days 11:41 hours
Hyper-V role detected

CPU: total 16 (initial active 16) (8 cores per cpu, 2 threads per core) family 6 model 154 stepping 3 microcode 0x423, cx8, cmov, fxsr, ht, mmx, 3dnowpref, sse, sse2, sse3, ssse3, sse4.1, sse4.2, popcnt, lzcnt, tsc, tscinvbit, avx, avx2, aes, erms, clmul, bmi1, bmi2, adx, sha, fma, vzeroupper, clflush, clflushopt, clwb, hv
Processor Information for processor 0
  Max Mhz: 1700, Current Mhz: 1700, Mhz Limit: 1700
Processor Information for processor 1
  Max Mhz: 1700, Current Mhz: 1700, Mhz Limit: 1700
Processor Information for processor 2
  Max Mhz: 1700, Current Mhz: 1700, Mhz Limit: 1700
Processor Information for processor 3
  Max Mhz: 1700, Current Mhz: 1700, Mhz Limit: 1700
Processor Information for processor 4
  Max Mhz: 1700, Current Mhz: 1700, Mhz Limit: 1700
Processor Information for processor 5
  Max Mhz: 1700, Current Mhz: 1700, Mhz Limit: 1700
Processor Information for processor 6
  Max Mhz: 1700, Current Mhz: 1700, Mhz Limit: 1700
Processor Information for processor 7
  Max Mhz: 1700, Current Mhz: 1700, Mhz Limit: 1700
Processor Information for processor 8
  Max Mhz: 1700, Current Mhz: 1200, Mhz Limit: 1190
Processor Information for processor 9
  Max Mhz: 1700, Current Mhz: 1200, Mhz Limit: 1190
Processor Information for processor 10
  Max Mhz: 1700, Current Mhz: 1200, Mhz Limit: 1190
Processor Information for processor 11
  Max Mhz: 1700, Current Mhz: 1200, Mhz Limit: 1190
Processor Information for processor 12
  Max Mhz: 1700, Current Mhz: 1200, Mhz Limit: 1190
Processor Information for processor 13
  Max Mhz: 1700, Current Mhz: 1200, Mhz Limit: 1190
Processor Information for processor 14
  Max Mhz: 1700, Current Mhz: 1200, Mhz Limit: 1190
Processor Information for processor 15
  Max Mhz: 1700, Current Mhz: 1200, Mhz Limit: 1190

Memory: 4k page, system-wide physical 16010M (2002M free)
TotalPageFile size 29281M (AvailPageFile size 4800M)
current process WorkingSet (physical memory assigned to process): 63M, peak: 65M
current process commit charge ("private bytes"): 364M, peak: 368M

vm_info: OpenJDK 64-Bit Server VM (17.0.18+8-LTS) for windows-amd64 JRE (17.0.18+8-LTS), built on Jan 15 2026 18:50:45 by "MicrosoftCorporation" with MS VC++ 17.14 (VS2022)

END.
